<?xml version="1.0" encoding="UTF-8"?>
<testng-results ignored="0" total="1" passed="1" failed="0" skipped="0">
  <reporter-output>
  </reporter-output>
  <suite started-at="2021-03-04T18:34:54 EET" name="Default suite" finished-at="2021-03-04T18:35:15 EET" duration-ms="20764">
    <groups>
    </groups>
    <test started-at="2021-03-04T18:34:54 EET" name="Default test" finished-at="2021-03-04T18:35:15 EET" duration-ms="20764">
      <class name="com.freecrm.testcases.contactPageTest">
        <test-method is-config="true" signature="login()[pri:0, instance:com.freecrm.testcases.contactPageTest@fd07cbb]" started-at="2021-03-04T18:34:54 EET" name="login" finished-at="2021-03-04T18:35:08 EET" duration-ms="13661" status="PASS">
          <reporter-output>
          </reporter-output>
        </test-method> <!-- login -->
        <test-method signature="addcontact()[pri:0, instance:com.freecrm.testcases.contactPageTest@fd07cbb]" started-at="2021-03-04T18:35:08 EET" name="addcontact" finished-at="2021-03-04T18:35:14 EET" duration-ms="6326" status="PASS">
          <reporter-output>
          </reporter-output>
        </test-method> <!-- addcontact -->
        <test-method is-config="true" signature="tearDown()[pri:0, instance:com.freecrm.testcases.contactPageTest@fd07cbb]" started-at="2021-03-04T18:35:14 EET" name="tearDown" finished-at="2021-03-04T18:35:15 EET" duration-ms="731" status="PASS">
          <reporter-output>
          </reporter-output>
        </test-method> <!-- tearDown -->
      </class> <!-- com.freecrm.testcases.contactPageTest -->
    </test> <!-- Default test -->
  </suite> <!-- Default suite -->
</testng-results>
